2025-06-24 00:59:45,206 - semgrep.run_scan - DEBUG - semgrep version 1.4.0
2025-06-24 00:59:45,216 - semgrep.config_resolver - DEBUG - Loading local config from /home/runner/workspace/.config/.semgrep/semgrep_rules.json
2025-06-24 00:59:45,226 - semgrep.config_resolver - DEBUG - Done loading local config from /home/runner/workspace/.config/.semgrep/semgrep_rules.json
2025-06-24 00:59:45,230 - semgrep.config_resolver - DEBUG - Saving rules to /tmp/semgrep-qn79jub3.rules
2025-06-24 00:59:46,033 - semgrep.rule_lang - DEBUG - semgrep-core validation response: valid=True
2025-06-24 00:59:46,033 - semgrep.rule_lang - DEBUG - semgrep-core validation succeeded
2025-06-24 00:59:46,033 - semgrep.rule_lang - DEBUG - RPC validation succeeded
2025-06-24 00:59:46,034 - semgrep.config_resolver - DEBUG - loaded 1 configs in 0.8185937404632568
2025-06-24 00:59:46,128 - semgrep.run_scan - VERBOSE - running 714 rules from 1 config /home/runner/workspace/.config/.semgrep/semgrep_rules.json_0
2025-06-24 00:59:46,128 - semgrep.run_scan - VERBOSE - No .semgrepignore found. Using default .semgrepignore rules. See the docs for the list of default ignores: https://semgrep.dev/docs/cli-usage/#ignore-files
2025-06-24 00:59:46,130 - semgrep.run_scan - VERBOSE - Rules:
2025-06-24 00:59:46,130 - semgrep.run_scan - VERBOSE - <SKIPPED DATA (too many entries; use --max-log-list-entries)>
2025-06-24 00:59:46,675 - semgrep.core_runner - DEBUG - Passing whole rules directly to semgrep_core
2025-06-24 00:59:46,863 - semgrep.core_runner - DEBUG - Running Semgrep engine with command:
2025-06-24 00:59:46,863 - semgrep.core_runner - DEBUG - /tmp/_MEIy5jlCb/semgrep/bin/opengrep-core -json -rules /tmp/tmpsetbe3z3.json -j 8 -targets /tmp/tmp2bns2jem -timeout 5 -timeout_threshold 3 -max_memory 0 -fast
2025-06-24 00:59:56,905 - semgrep.core_runner - DEBUG - --- semgrep-core stderr ---
[00.08][[34mINFO[0m]: Executed as: /tmp/_MEIy5jlCb/semgrep/bin/opengrep-core -json -rules /tmp/tmpsetbe3z3.json -j 8 -targets /tmp/tmp2bns2jem -timeout 5 -timeout_threshold 3 -max_memory 0 -fast
[00.08][[34mINFO[0m]: Version: 1.4.0
[00.08][[34mINFO[0m]: Parsing rules in /tmp/tmpsetbe3z3.json
[00.56][[34mINFO[0m]: scan: processing 327 files (skipping 0), with 456 rules (skipping 0 )
[01.84][[33mWARNING[0m]: Fixpoint timeout while performing taint analysis [rule: config..semgrep.vendored-rules.javascript.lang.security.audit.detect-non-literal-require file: client/src/components/ui/sidebar.tsx func: ???]
[0m[03.11][[33mWARNING[0m]: Fixpoint timeout while performing taint analysis [rule: config..semgrep.vendored-rules.javascript.express.security.injection.raw-html-format file: server/routes/pgRoutes.ts func: ???]
[0m[03.12][[33mWARNING[0m]: Fixpoint timeout while performing taint analysis [rule: config..semgrep.vendored-rules.javascript.lang.security.audit.sqli.node-postgres-sqli file: client/src/components/admin/course-form.tsx func: CourseForm:15843]
[0m[03.42][[33mWARNING[0m]: Fixpoint timeout while performing taint analysis [rule: config..semgrep.vendored-rules.javascript.lang.security.audit.detect-non-literal-require file: client/src/components/admin/course-form.tsx func: CourseForm:15843]
[0m[04.03][[33mWARNING[0m]: Fixpoint timeout while performing taint analysis [rule: config..semgrep.vendored-rules.javascript.express.security.x-frame-options-misconfiguration file: server/routes/pgRoutes.ts func: ???]
[0m[05.26][[33mWARNING[0m]: Fixpoint timeout while performing taint analysis [rule: config..semgrep.vendored-rules.javascript.express.security.require-request file: server/routes/pgRoutes.ts func: ???]
[0m[05.78][[33mWARNING[0m]: Fixpoint timeout while performing taint analysis [rule: config..semgrep.vendored-rules.javascript.express.security.injection.raw-html-format file: server/routes/mongoRoutes.js func: ???]
[0m[05.83][[33mWARNING[0m]: Fixpoint timeout while performing taint analysis [rule: config..semgrep.vendored-rules.javascript.express.security.require-request file: client/src/pages/admin.tsx func: Admin:36790]
[0m[06.10][[33mWARNING[0m]: Fixpoint timeout while performing taint analysis [rule: config..semgrep.vendored-rules.javascript.express.security.cors-misconfiguration file: server/routes/pgRoutes.ts func: ???]
[0m--- end semgrep-core stderr ---
2025-06-24 00:59:56,913 - semgrep.rule_match - DEBUG - match_key = ('', PosixPath('client/index.html'), 'config..semgrep.vendored-rules.html.security.audit.missing-integrity') match_id = 0ee74fd49637bebe183eca7188dbde26e386314e62cc2e7ba1ee60b377b638243fcd84e6c6fa04886198ccacfa6a711bfbcc61a28f9ddc913d5b3c53083cbc90_0
2025-06-24 00:59:56,914 - semgrep.rule_match - DEBUG - match_key = (' type="text/javascript" src="https://replit.com/public/js/replit-dev-banner.js" (?is).*integrity= (google-analytics\\.com|fonts\\.googleapis\\.com|fonts\\.gstatic\\.com|googletagmanager\\.com) .*rel\\s*=\\s*[\'"]?preconnect.* href="... :// ..." href="//..." href=\'... :// ...\' href=\'//...\' src="... :// ..." src="//..." src=\'... :// ...\' src=\'//...\' <link  type="text/javascript" src="https://replit.com/public/js/replit-dev-banner.js" > <script  type="text/javascript" src="https://replit.com/public/js/replit-dev-banner.js" >...</script>', PosixPath('client/index.html'), 'config..semgrep.vendored-rules.html.security.audit.missing-integrity') match_id = 0728b64e224596592d04447ba8a642ff94e1fb9fcc07be26d49dc7e7f6898e638ad16ffcaca086932c58f4c6400fe32603323afef02cf9bfebcb0e4a53562a40_0
2025-06-24 00:59:56,914 - semgrep.rule_match - DEBUG - match_key = (' type="text/javascript" src="https://replit.com/public/js/replit-dev-banner.js" (?is).*integrity= (google-analytics\\.com|fonts\\.googleapis\\.com|fonts\\.gstatic\\.com|googletagmanager\\.com) .*rel\\s*=\\s*[\'"]?preconnect.* href="... :// ..." href="//..." href=\'... :// ...\' href=\'//...\' src="... :// ..." src="//..." src=\'... :// ...\' src=\'//...\' <link  type="text/javascript" src="https://replit.com/public/js/replit-dev-banner.js" > <script  type="text/javascript" src="https://replit.com/public/js/replit-dev-banner.js" >...</script>', PosixPath('client/index.html'), 'config..semgrep.vendored-rules.html.security.audit.missing-integrity') match_id = 0728b64e224596592d04447ba8a642ff94e1fb9fcc07be26d49dc7e7f6898e638ad16ffcaca086932c58f4c6400fe32603323afef02cf9bfebcb0e4a53562a40_0
2025-06-24 00:59:56,915 - semgrep.rule_match - DEBUG - match_key = (' type="text/javascript" src="https://replit.com/public/js/replit-dev-banner.js" (?is).*integrity= (google-analytics\\.com|fonts\\.googleapis\\.com|fonts\\.gstatic\\.com|googletagmanager\\.com) .*rel\\s*=\\s*[\'"]?preconnect.* href="... :// ..." href="//..." href=\'... :// ...\' href=\'//...\' src="... :// ..." src="//..." src=\'... :// ...\' src=\'//...\' <link  type="text/javascript" src="https://replit.com/public/js/replit-dev-banner.js" > <script  type="text/javascript" src="https://replit.com/public/js/replit-dev-banner.js" >...</script>', PosixPath('client/index.html'), 'config..semgrep.vendored-rules.html.security.audit.missing-integrity') match_id = 0728b64e224596592d04447ba8a642ff94e1fb9fcc07be26d49dc7e7f6898e638ad16ffcaca086932c58f4c6400fe32603323afef02cf9bfebcb0e4a53562a40_0
2025-06-24 00:59:56,915 - semgrep.rule_match - DEBUG - match_key = ('', PosixPath('server/routes/mongoRoutes.js'), 'config..semgrep.vendored-rules.javascript.jsonwebtoken.security.hardcoded-jwt-secret') match_id = f8f22e9033df0bc193af40b3efead28d03111a17667fbdd35e75b7598e89991ce4740472eb123f4d8c41179ac65c9acd7424f29d382da7f7e201ce8e1c3a97d3_0
2025-06-24 00:59:56,916 - semgrep.rule_match - DEBUG - match_key = ('jwt = require("jsonwebtoken")\n...\n import jwt from "jsonwebtoken"\n...\n import * as jwt from "jsonwebtoken"\n...\n import {...,jwt,...} from "jsonwebtoken"\n...\n jwt.sign(token,JWT_SECRET,...);\n jwt.verify(token,JWT_SECRET,...);\n JWT_SECRET jwt.sign(token,"...",...);\n jwt.verify(token,"...",...);\n JWT_SECRET = \'your-secret-key\' \n JWT_SECRET = \'...\' \n', PosixPath('server/routes/mongoRoutes.js'), 'config..semgrep.vendored-rules.javascript.jsonwebtoken.security.hardcoded-jwt-secret') match_id = 5cad076f25fa6593e86a1e80460228a3f1e4804ed0bb1bde4241c24efb0be86972ee925d74395d1b98bb124ba8af9cbb20864fabef794354ef6de26ae45bf701_0
2025-06-24 00:59:56,916 - semgrep.rule_match - DEBUG - match_key = ('jwt = require("jsonwebtoken")\n...\n import jwt from "jsonwebtoken"\n...\n import * as jwt from "jsonwebtoken"\n...\n import {...,jwt,...} from "jsonwebtoken"\n...\n jwt.sign(token,JWT_SECRET,...);\n jwt.verify(token,JWT_SECRET,...);\n JWT_SECRET jwt.sign(token,"...",...);\n jwt.verify(token,"...",...);\n JWT_SECRET = \'your-secret-key\' \n JWT_SECRET = \'...\' \n', PosixPath('server/routes/mongoRoutes.js'), 'config..semgrep.vendored-rules.javascript.jsonwebtoken.security.hardcoded-jwt-secret') match_id = 5cad076f25fa6593e86a1e80460228a3f1e4804ed0bb1bde4241c24efb0be86972ee925d74395d1b98bb124ba8af9cbb20864fabef794354ef6de26ae45bf701_0
2025-06-24 00:59:56,917 - semgrep.rule_match - DEBUG - match_key = ('jwt = require("jsonwebtoken")\n...\n import jwt from "jsonwebtoken"\n...\n import * as jwt from "jsonwebtoken"\n...\n import {...,jwt,...} from "jsonwebtoken"\n...\n jwt.sign(token,JWT_SECRET,...);\n jwt.verify(token,JWT_SECRET,...);\n JWT_SECRET jwt.sign(token,"...",...);\n jwt.verify(token,"...",...);\n JWT_SECRET = \'your-secret-key\' \n JWT_SECRET = \'...\' \n', PosixPath('server/routes/mongoRoutes.js'), 'config..semgrep.vendored-rules.javascript.jsonwebtoken.security.hardcoded-jwt-secret') match_id = 5cad076f25fa6593e86a1e80460228a3f1e4804ed0bb1bde4241c24efb0be86972ee925d74395d1b98bb124ba8af9cbb20864fabef794354ef6de26ae45bf701_0
2025-06-24 00:59:56,918 - semgrep.rule_match - DEBUG - match_key = ('', PosixPath('server/routes/mongoRoutes.js'), 'config..semgrep.vendored-rules.javascript.jsonwebtoken.security.hardcoded-jwt-secret') match_id = f8f22e9033df0bc193af40b3efead28d03111a17667fbdd35e75b7598e89991ce4740472eb123f4d8c41179ac65c9acd7424f29d382da7f7e201ce8e1c3a97d3_0
2025-06-24 00:59:56,918 - semgrep.rule_match - DEBUG - match_key = ('jwt = require("jsonwebtoken")\n...\n import jwt from "jsonwebtoken"\n...\n import * as jwt from "jsonwebtoken"\n...\n import {...,jwt,...} from "jsonwebtoken"\n...\n jwt.sign({id user._id username user.username role user.role},JWT_SECRET,...);\n jwt.verify({id user._id username user.username role user.role},JWT_SECRET,...);\n JWT_SECRET jwt.sign({id user._id username user.username role user.role},"...",...);\n jwt.verify({id user._id username user.username role user.role},"...",...);\n JWT_SECRET = \'your-secret-key\' \n JWT_SECRET = \'...\' \n', PosixPath('server/routes/mongoRoutes.js'), 'config..semgrep.vendored-rules.javascript.jsonwebtoken.security.hardcoded-jwt-secret') match_id = 5f29a9b5fd46bbef43d42747029dd2fa825030f05e33d1266ad5b87fc74f32b3b9fde9dbba44959ff8a767e27392e0e8f955e19f9ff20eae2fe17492d45b9568_0
2025-06-24 00:59:56,919 - semgrep.rule_match - DEBUG - match_key = ('jwt = require("jsonwebtoken")\n...\n import jwt from "jsonwebtoken"\n...\n import * as jwt from "jsonwebtoken"\n...\n import {...,jwt,...} from "jsonwebtoken"\n...\n jwt.sign({id user._id username user.username role user.role},JWT_SECRET,...);\n jwt.verify({id user._id username user.username role user.role},JWT_SECRET,...);\n JWT_SECRET jwt.sign({id user._id username user.username role user.role},"...",...);\n jwt.verify({id user._id username user.username role user.role},"...",...);\n JWT_SECRET = \'your-secret-key\' \n JWT_SECRET = \'...\' \n', PosixPath('server/routes/mongoRoutes.js'), 'config..semgrep.vendored-rules.javascript.jsonwebtoken.security.hardcoded-jwt-secret') match_id = 5f29a9b5fd46bbef43d42747029dd2fa825030f05e33d1266ad5b87fc74f32b3b9fde9dbba44959ff8a767e27392e0e8f955e19f9ff20eae2fe17492d45b9568_0
2025-06-24 00:59:56,919 - semgrep.rule_match - DEBUG - match_key = ('jwt = require("jsonwebtoken")\n...\n import jwt from "jsonwebtoken"\n...\n import * as jwt from "jsonwebtoken"\n...\n import {...,jwt,...} from "jsonwebtoken"\n...\n jwt.sign({id user._id username user.username role user.role},JWT_SECRET,...);\n jwt.verify({id user._id username user.username role user.role},JWT_SECRET,...);\n JWT_SECRET jwt.sign({id user._id username user.username role user.role},"...",...);\n jwt.verify({id user._id username user.username role user.role},"...",...);\n JWT_SECRET = \'your-secret-key\' \n JWT_SECRET = \'...\' \n', PosixPath('server/routes/mongoRoutes.js'), 'config..semgrep.vendored-rules.javascript.jsonwebtoken.security.hardcoded-jwt-secret') match_id = 5f29a9b5fd46bbef43d42747029dd2fa825030f05e33d1266ad5b87fc74f32b3b9fde9dbba44959ff8a767e27392e0e8f955e19f9ff20eae2fe17492d45b9568_0
2025-06-24 00:59:56,920 - semgrep.rule_match - DEBUG - match_key = ('', PosixPath('server/routes/mongoRoutes.js'), 'config..semgrep.vendored-rules.javascript.jsonwebtoken.security.hardcoded-jwt-secret') match_id = f8f22e9033df0bc193af40b3efead28d03111a17667fbdd35e75b7598e89991ce4740472eb123f4d8c41179ac65c9acd7424f29d382da7f7e201ce8e1c3a97d3_0
2025-06-24 00:59:56,921 - semgrep.rule_match - DEBUG - match_key = ('jwt = require("jsonwebtoken")\n...\n import jwt from "jsonwebtoken"\n...\n import * as jwt from "jsonwebtoken"\n...\n import {...,jwt,...} from "jsonwebtoken"\n...\n jwt.sign({id user._id username user.username role user.role},JWT_SECRET,...);\n jwt.verify({id user._id username user.username role user.role},JWT_SECRET,...);\n JWT_SECRET jwt.sign({id user._id username user.username role user.role},"...",...);\n jwt.verify({id user._id username user.username role user.role},"...",...);\n JWT_SECRET = \'your-secret-key\' \n JWT_SECRET = \'...\' \n', PosixPath('server/routes/mongoRoutes.js'), 'config..semgrep.vendored-rules.javascript.jsonwebtoken.security.hardcoded-jwt-secret') match_id = 5f29a9b5fd46bbef43d42747029dd2fa825030f05e33d1266ad5b87fc74f32b3b9fde9dbba44959ff8a767e27392e0e8f955e19f9ff20eae2fe17492d45b9568_0
2025-06-24 00:59:56,921 - semgrep.rule_match - DEBUG - match_key = ('jwt = require("jsonwebtoken")\n...\n import jwt from "jsonwebtoken"\n...\n import * as jwt from "jsonwebtoken"\n...\n import {...,jwt,...} from "jsonwebtoken"\n...\n jwt.sign({id user._id username user.username role user.role},JWT_SECRET,...);\n jwt.verify({id user._id username user.username role user.role},JWT_SECRET,...);\n JWT_SECRET jwt.sign({id user._id username user.username role user.role},"...",...);\n jwt.verify({id user._id username user.username role user.role},"...",...);\n JWT_SECRET = \'your-secret-key\' \n JWT_SECRET = \'...\' \n', PosixPath('server/routes/mongoRoutes.js'), 'config..semgrep.vendored-rules.javascript.jsonwebtoken.security.hardcoded-jwt-secret') match_id = 5f29a9b5fd46bbef43d42747029dd2fa825030f05e33d1266ad5b87fc74f32b3b9fde9dbba44959ff8a767e27392e0e8f955e19f9ff20eae2fe17492d45b9568_0
2025-06-24 00:59:56,922 - semgrep.rule_match - DEBUG - match_key = ('jwt = require("jsonwebtoken")\n...\n import jwt from "jsonwebtoken"\n...\n import * as jwt from "jsonwebtoken"\n...\n import {...,jwt,...} from "jsonwebtoken"\n...\n jwt.sign({id user._id username user.username role user.role},JWT_SECRET,...);\n jwt.verify({id user._id username user.username role user.role},JWT_SECRET,...);\n JWT_SECRET jwt.sign({id user._id username user.username role user.role},"...",...);\n jwt.verify({id user._id username user.username role user.role},"...",...);\n JWT_SECRET = \'your-secret-key\' \n JWT_SECRET = \'...\' \n', PosixPath('server/routes/mongoRoutes.js'), 'config..semgrep.vendored-rules.javascript.jsonwebtoken.security.hardcoded-jwt-secret') match_id = 5f29a9b5fd46bbef43d42747029dd2fa825030f05e33d1266ad5b87fc74f32b3b9fde9dbba44959ff8a767e27392e0e8f955e19f9ff20eae2fe17492d45b9568_1
2025-06-24 00:59:56,926 - semgrep.core_runner - DEBUG - semgrep ran in 0:00:10.250507 on 113 files
2025-06-24 00:59:56,928 - semgrep.core_runner - DEBUG - findings summary: 4 warning, 0 error, 0 info
2025-06-24 00:59:56,931 - semgrep.app.auth - DEBUG - Getting API token from settings file
2025-06-24 00:59:56,931 - semgrep.app.auth - DEBUG - No API token found in settings file
2025-06-24 00:59:57,078 - semgrep.output - VERBOSE - 
========================================
Files skipped:
========================================

  Always skipped by Opengrep:

   • <none>

  Skipped by .gitignore:
  (Disable by passing --no-git-ignore)

   • <all files not listed by `git ls-files` were skipped>

  Skipped by .semgrepignore:
  - https://semgrep.dev/docs/ignoring-files-folders-code/#understand-semgrep-defaults

   • <none>

  Skipped by --include patterns:

   • <none>

  Skipped by --exclude patterns:

   • <none>

  Files skipped due to insufficient read permissions:

   • <none>

  Skipped by limiting to files smaller than 1000000 bytes:
  (Adjust with the --max-target-bytes flag)

   • <none>

  Partially analyzed due to parsing or internal Opengrep errors

   • tailwind.config.ts (1 lines skipped)

2025-06-24 00:59:57,079 - semgrep.output - INFO - Some files were skipped or only partially analyzed.
  Scan was limited to files tracked by git.
  Partially scanned: 1 files only partially analyzed due to parsing or internal Opengrep errors

Ran 437 rules on 113 files: 4 findings.
2025-06-24 00:59:57,080 - semgrep.app.version - DEBUG - Version cache does not exist
2025-06-24 00:59:57,094 - semgrep.metrics - VERBOSE - Not sending pseudonymous metrics since metrics are configured to OFF and registry usage is False
